<?xml version="1.0" encoding="UTF-8" standalone="yes"?>
<ns2:test-suite start="1501884150014" stop="1501884156291" version="1.4.15" xmlns:ns2="urn:model.allure.qatools.yandex.ru">
    <name>Verify invalid login for hotel app</name>
    <title>Verify invalid login for hotel app</title>
    <test-cases>
        <test-case start="1501884150080" stop="1501884150191" status="broken">
            <name>Given I click on ok button on splash screen</name>
            <title>Given I click on ok button on splash screen</title>
            <failure>
                <message>NoSuchElementException: Unable to locate the Element using: By.id: com.hcom.android:id/btnPositive
For documentation on this error, please visit: http://seleniumhq.org/exceptions/no_such_element.html
Build info: version: '3.4.0', revision: 'unknown', time: 'unknown'
System info: host: 'Bashirs-MacBook-Pro.local', ip: 'fe80:0:0:0:1064:1df2:57f0:1e51%en0', os.name: 'Mac OS X', os.arch: 'x86_64', os.version: '10.12.6', java.version: '1.8.0_101'
Driver info: driver.version: unknown</message>
                <stack-trace>org.openqa.selenium.NoSuchElementException: Unable to locate the Element using: By.id: com.hcom.android:id/btnPositive
For documentation on this error, please visit: http://seleniumhq.org/exceptions/no_such_element.html
Build info: version: '3.4.0', revision: 'unknown', time: 'unknown'
System info: host: 'Bashirs-MacBook-Pro.local', ip: 'fe80:0:0:0:1064:1df2:57f0:1e51%en0', os.name: 'Mac OS X', os.arch: 'x86_64', os.version: '10.12.6', java.version: '1.8.0_101'
Driver info: driver.version: unknown
	at framework.BaseMobilePage.clickOn(BaseMobilePage.java:21)
	at framework.SplashScreen.clickOnOkButton(SplashScreen.java:14)
	at stepdefinition.MobileTestScenarios.clickOnSplashScreenButton(MobileTestScenarios.java:19)
	at âœ½.Given I click on ok button on splash screen(hotel_login.feature:5)
</stack-trace>
            </failure>
            <steps/>
            <attachments/>
            <labels>
                <label name="host" value="Bashirs-MacBook-Pro.local"/>
                <label name="thread" value="5456@Bashirs-MacBook-Pro.local.main(1)"/>
            </labels>
        </test-case>
        <test-case start="1501884150263" stop="1501884150265" status="pending">
            <name>And I click on menu button on splash screen</name>
            <title>And I click on menu button on splash screen</title>
            <failure>
                <message>Test ignored (without reason)!</message>
                <stack-trace>There are no stack trace</stack-trace>
            </failure>
            <steps/>
            <attachments/>
            <labels>
                <label name="host" value="Bashirs-MacBook-Pro.local"/>
                <label name="thread" value="5456@Bashirs-MacBook-Pro.local.main(1)"/>
            </labels>
        </test-case>
        <test-case start="1501884150274" stop="1501884150274" status="pending">
            <name>Given I click on sign in button on splash screen</name>
            <title>Given I click on sign in button on splash screen</title>
            <failure>
                <message>Test ignored (without reason)!</message>
                <stack-trace>There are no stack trace</stack-trace>
            </failure>
            <steps/>
            <attachments/>
            <labels>
                <label name="host" value="Bashirs-MacBook-Pro.local"/>
                <label name="thread" value="5456@Bashirs-MacBook-Pro.local.main(1)"/>
            </labels>
        </test-case>
        <test-case start="1501884150280" stop="1501884150280" status="pending">
            <name>When I enter mohammad@technosoftsolutions.io into username text field on sign in screen</name>
            <title>When I enter mohammad@technosoftsolutions.io into username text field on sign in screen</title>
            <failure>
                <message>Test ignored (without reason)!</message>
                <stack-trace>There are no stack trace</stack-trace>
            </failure>
            <steps/>
            <attachments/>
            <labels>
                <label name="host" value="Bashirs-MacBook-Pro.local"/>
                <label name="thread" value="5456@Bashirs-MacBook-Pro.local.main(1)"/>
            </labels>
        </test-case>
        <test-case start="1501884150283" stop="1501884150283" status="pending">
            <name>And I enter test1234 into password text field on sign in screen</name>
            <title>And I enter test1234 into password text field on sign in screen</title>
            <failure>
                <message>Test ignored (without reason)!</message>
                <stack-trace>There are no stack trace</stack-trace>
            </failure>
            <steps/>
            <attachments/>
            <labels>
                <label name="host" value="Bashirs-MacBook-Pro.local"/>
                <label name="thread" value="5456@Bashirs-MacBook-Pro.local.main(1)"/>
            </labels>
        </test-case>
        <test-case start="1501884150287" stop="1501884150287" status="pending">
            <name>And I click on sign in button on sign in screen</name>
            <title>And I click on sign in button on sign in screen</title>
            <failure>
                <message>Test ignored (without reason)!</message>
                <stack-trace>There are no stack trace</stack-trace>
            </failure>
            <steps/>
            <attachments/>
            <labels>
                <label name="host" value="Bashirs-MacBook-Pro.local"/>
                <label name="thread" value="5456@Bashirs-MacBook-Pro.local.main(1)"/>
            </labels>
        </test-case>
        <test-case start="1501884150303" stop="1501884150303" status="pending">
            <name>Then I verify invalid sign in error message</name>
            <title>Then I verify invalid sign in error message</title>
            <failure>
                <message>Test ignored (without reason)!</message>
                <stack-trace>There are no stack trace</stack-trace>
            </failure>
            <steps/>
            <attachments/>
            <labels>
                <label name="host" value="Bashirs-MacBook-Pro.local"/>
                <label name="thread" value="5456@Bashirs-MacBook-Pro.local.main(1)"/>
            </labels>
        </test-case>
    </test-cases>
    <labels>
        <label name="story" value="Verify invalid login for hotel app"/>
        <label name="feature" value="Verify hotel conditions"/>
        <label name="framework" value="CucumberJVM"/>
        <label name="language" value="JAVA"/>
    </labels>
</ns2:test-suite>
